<?xml version="1.0" encoding="UTF-8"?>
<!-- Generated by org.testng.reporters.JUnitReportReporter -->
<testsuite skipped="1" hostname="Mahendra" name="script.CheckProductVersion" tests="1" failures="0" timestamp="24 Dec 2017 07:48:29 GMT" time="7.412" errors="0">
  <testcase name="testCheckProductVersion" time="7.412" classname="script.CheckProductVersion">
    <skipped/>
  </testcase> <!-- testCheckProductVersion -->
</testsuite> <!-- script.CheckProductVersion -->
